<?xml version="1.0" encoding="UTF-8" ?>
<testsuite errors="0" failures="0" hostname="jesse.local" name="com.example.QueryIntegrationTests" tests="2" time="0.367" timestamp="2009-10-24T20:59:05">
  <properties />
  <testcase classname="com.example.QueryIntegrationTests" name="testBasicDynamicFinders" time="0.296" />
  <testcase classname="com.example.QueryIntegrationTests" name="testQueryByExample" time="0.066" />
  <system-out><![CDATA[--Output from testBasicDynamicFinders--
--Output from testQueryByExample--
]]></system-out>
  <system-err><![CDATA[--Output from testBasicDynamicFinders--
--Output from testQueryByExample--
]]></system-err>
</testsuite>
