<?xml version="1.0" encoding="UTF-8" ?>
<testsuite errors="0" failures="0" hostname="jesse.local" name="com.example.UserIntegrationTests" tests="6" time="0.161" timestamp="2009-10-24T20:59:05">
  <properties />
  <testcase classname="com.example.UserIntegrationTests" name="testCreate" time="0.0090" />
  <testcase classname="com.example.UserIntegrationTests" name="testUpdate" time="0.039" />
  <testcase classname="com.example.UserIntegrationTests" name="testDelete" time="0.025" />
  <testcase classname="com.example.UserIntegrationTests" name="testValidationsFail" time="0.031" />
  <testcase classname="com.example.UserIntegrationTests" name="testValidationsCorrected" time="0.013" />
  <testcase classname="com.example.UserIntegrationTests" name="testFollowing" time="0.015" />
  <system-out><![CDATA[--Output from testCreate--
--Output from testUpdate--
--Output from testDelete--
--Output from testValidationsFail--
--Output from testValidationsCorrected--
--Output from testFollowing--
]]></system-out>
  <system-err><![CDATA[--Output from testCreate--
--Output from testUpdate--
--Output from testDelete--
--Output from testValidationsFail--
--Output from testValidationsCorrected--
--Output from testFollowing--
]]></system-err>
</testsuite>
